=== Monitor Started: Fri Dec 19 09:14:45 PM EST 2025 ===
Logging to: /home/chapman/projects/mycloud-restsdk-recovery-script/monitor.log (interval: 30s)
[2025-12-19 21:14:45] #1 | Script: RUNNING | NFS: OK | Mem: 14.6% (1678MB/11454MB) | Load: 0.96 0.55 0.32 | FDs: 5 | IOWait: % | Copied: N/A
[2025-12-19 21:15:16] #2 | Script: RUNNING | NFS: OK | Mem: 14.7% (1686MB/11454MB) | Load: 1.04 0.61 0.35 | FDs: 5 | IOWait: % | Copied: N/A
[2025-12-19 21:15:47] #3 | Script: RUNNING | NFS: OK | Mem: 14.8% (1692MB/11454MB) | Load: 1.22 0.70 0.39 | FDs: 5 | IOWait: % | Copied: N/A
[2025-12-19 21:16:19] #4 | Script: RUNNING | NFS: OK | Mem: 15.0% (1716MB/11454MB) | Load: 1.20 0.74 0.42 | FDs: 5 | IOWait: % | Copied: N/A
[2025-12-19 21:16:50] #5 | Script: RUNNING | NFS: OK | Mem: 15.1% (1734MB/11454MB) | Load: 1.21 0.80 0.45 | FDs: 5 | IOWait: % | Copied: N/A
[2025-12-19 21:17:21] #6 | Script: RUNNING | NFS: OK | Mem: 15.5% (1778MB/11454MB) | Load: 1.20 0.84 0.47 | FDs: 5 | IOWait: % | Copied: N/A
[2025-12-19 21:17:52] #7 | Script: RUNNING | NFS: OK | Mem: 15.8% (1805MB/11454MB) | Load: 1.12 0.86 0.49 | FDs: 5 | IOWait: % | Copied: N/A
[2025-12-19 21:18:23] #8 | Script: RUNNING | NFS: OK | Mem: 15.8% (1814MB/11454MB) | Load: 1.20 0.90 0.52 | FDs: 5 | IOWait: % | Copied: N/A
[2025-12-19 21:18:54] #9 | Script: RUNNING | NFS: OK | Mem: 16.1% (1849MB/11454MB) | Load: 1.18 0.93 0.54 | FDs: 5 | IOWait: % | Copied: N/A
[2025-12-19 21:19:26] #10 | Script: RUNNING | NFS: OK | Mem: 16.4% (1873MB/11454MB) | Load: 1.15 0.96 0.57 | FDs: 5 | IOWait: % | Copied: N/A
[2025-12-19 21:19:57] #11 | Script: RUNNING | NFS: OK | Mem: 16.6% (1899MB/11454MB) | Load: 1.22 0.99 0.59 | FDs: 5 | IOWait: % | Copied: N/A
[2025-12-19 21:20:28] #12 | Script: RUNNING | NFS: OK | Mem: 16.8% (1919MB/11454MB) | Load: 1.21 1.01 0.61 | FDs: 5 | IOWait: % | Copied: N/A
[2025-12-19 21:20:59] #13 | Script: RUNNING | NFS: OK | Mem: 17.0% (1952MB/11454MB) | Load: 1.13 1.01 0.63 | FDs: 5 | IOWait: % | Copied: N/A
[2025-12-19 21:21:30] #14 | Script: RUNNING | NFS: OK | Mem: 29.2% (3347MB/11454MB) | Load: 1.21 1.04 0.65 | FDs: 5 | IOWait: % | Copied: N/A
[2025-12-19 21:22:01] #15 | Script: RUNNING | NFS: OK | Mem: 41.5% (4755MB/11454MB) | Load: 1.12 1.03 0.66 | FDs: 5 | IOWait: % | Copied: N/A
[2025-12-19 21:22:33] #16 | Script: RUNNING | NFS: OK | Mem: 41.5% (4758MB/11454MB) | Load: 1.15 1.05 0.68 | FDs: 5 | IOWait: % | Copied: N/A
[2025-12-19 21:23:04] #17 | Script: RUNNING | NFS: OK | Mem: 41.5% (4755MB/11454MB) | Load: 1.16 1.06 0.70 | FDs: 5 | IOWait: % | Copied: N/A
[2025-12-19 21:23:35] #18 | Script: RUNNING | NFS: OK | Mem: 41.5% (4753MB/11454MB) | Load: 1.09 1.05 0.71 | FDs: 5 | IOWait: % | Copied: N/A
[2025-12-19 21:24:06] #19 | Script: RUNNING | NFS: OK | Mem: 41.5% (4758MB/11454MB) | Load: 1.18 1.08 0.73 | FDs: 5 | IOWait: % | Copied: N/A
[2025-12-19 21:24:37] #20 | Script: RUNNING | NFS: OK | Mem: 41.5% (4759MB/11454MB) | Load: 1.18 1.08 0.75 | FDs: 5 | IOWait: % | Copied: N/A
[2025-12-19 21:25:09] #21 | Script: RUNNING | NFS: OK | Mem: 41.5% (4759MB/11454MB) | Load: 1.18 1.09 0.76 | FDs: 5 | IOWait: % | Copied: N/A
[2025-12-19 21:25:40] #22 | Script: RUNNING | NFS: OK | Mem: 41.5% (4754MB/11454MB) | Load: 1.15 1.10 0.78 | FDs: 5 | IOWait: % | Copied: N/A
[2025-12-19 21:26:11] #23 | Script: RUNNING | NFS: OK | Mem: 41.5% (4759MB/11454MB) | Load: 1.16 1.10 0.79 | FDs: 5 | IOWait: % | Copied: N/A
[2025-12-19 21:26:42] #24 | Script: RUNNING | NFS: OK | Mem: 41.5% (4756MB/11454MB) | Load: 1.18 1.11 0.81 | FDs: 5 | IOWait: % | Copied: N/A
[2025-12-19 21:27:13] #25 | Script: RUNNING | NFS: OK | Mem: 41.5% (4757MB/11454MB) | Load: 1.11 1.09 0.81 | FDs: 5 | IOWait: % | Copied: N/A
[2025-12-19 21:27:45] #26 | Script: RUNNING | NFS: OK | Mem: 41.5% (4757MB/11454MB) | Load: 1.06 1.08 0.82 | FDs: 5 | IOWait: % | Copied: N/A
[2025-12-19 21:28:16] #27 | Script: RUNNING | NFS: OK | Mem: 42.1% (4818MB/11454MB) | Load: 1.20 1.12 0.85 | FDs: 5 | IOWait: % | Copied: N/A
[2025-12-19 21:28:47] #28 | Script: RUNNING | NFS: OK | Mem: 41.5% (4754MB/11454MB) | Load: 1.17 1.12 0.86 | FDs: 5 | IOWait: % | Copied: N/A
[2025-12-19 21:29:18] #29 | Script: RUNNING | NFS: OK | Mem: 41.9% (4804MB/11454MB) | Load: 1.17 1.13 0.87 | FDs: 5 | IOWait: % | Copied: N/A
[2025-12-19 21:29:49] #30 | Script: RUNNING | NFS: OK | Mem: 41.6% (4766MB/11454MB) | Load: 1.25 1.15 0.88 | FDs: 5 | IOWait: % | Copied: N/A
[2025-12-19 21:30:20] #31 | Script: RUNNING | NFS: OK | Mem: 41.9% (4794MB/11454MB) | Load: 1.20 1.14 0.90 | FDs: 5 | IOWait: % | Copied: N/A
[2025-12-19 21:30:52] #32 | Script: RUNNING | NFS: OK | Mem: 42.1% (4819MB/11454MB) | Load: 1.12 1.13 0.90 | FDs: 5 | IOWait: % | Copied: N/A
[2025-12-19 21:31:23] #33 | Script: RUNNING | NFS: OK | Mem: 41.6% (4760MB/11454MB) | Load: 1.19 1.15 0.92 | FDs: 5 | IOWait: % | Copied: N/A
[2025-12-19 21:31:54] #34 | Script: RUNNING | NFS: OK | Mem: 41.6% (4770MB/11454MB) | Load: 1.24 1.16 0.93 | FDs: 5 | IOWait: % | Copied: N/A
[2025-12-19 21:32:25] #35 | Script: RUNNING | NFS: OK | Mem: 41.6% (4761MB/11454MB) | Load: 1.43 1.22 0.96 | FDs: 5 | IOWait: % | Copied: N/A
[2025-12-19 21:32:56] #36 | Script: RUNNING | NFS: OK | Mem: 42.0% (4806MB/11454MB) | Load: 1.33 1.22 0.97 | FDs: 5 | IOWait: % | Copied: N/A
[2025-12-19 21:33:27] #37 | Script: RUNNING | NFS: OK | Mem: 41.5% (4759MB/11454MB) | Load: 1.25 1.21 0.98 | FDs: 5 | IOWait: % | Copied: N/A
[2025-12-19 21:33:59] #38 | Script: RUNNING | NFS: OK | Mem: 41.5% (4752MB/11454MB) | Load: 1.21 1.20 0.99 | FDs: 5 | IOWait: % | Copied: N/A
[2025-12-19 21:34:30] #39 | Script: RUNNING | NFS: OK | Mem: 41.7% (4772MB/11454MB) | Load: 1.12 1.18 0.99 | FDs: 5 | IOWait: % | Copied: N/A
[2025-12-19 21:35:01] #40 | Script: RUNNING | NFS: OK | Mem: 41.5% (4756MB/11454MB) | Load: 1.07 1.16 0.99 | FDs: 5 | IOWait: % | Copied: N/A
[2025-12-19 21:35:32] #41 | Script: RUNNING | NFS: OK | Mem: 41.5% (4749MB/11454MB) | Load: 1.10 1.16 1.00 | FDs: 5 | IOWait: % | Copied: N/A
[2025-12-19 21:36:03] #42 | Script: RUNNING | NFS: OK | Mem: 41.5% (4757MB/11454MB) | Load: 1.32 1.21 1.02 | FDs: 5 | IOWait: % | Copied: N/A
[2025-12-19 21:36:35] #43 | Script: RUNNING | NFS: OK | Mem: 41.6% (4768MB/11454MB) | Load: 1.31 1.22 1.03 | FDs: 5 | IOWait: % | Copied: N/A
[2025-12-19 21:37:06] #44 | Script: RUNNING | NFS: OK | Mem: 41.5% (4751MB/11454MB) | Load: 1.31 1.23 1.04 | FDs: 5 | IOWait: % | Copied: N/A
[2025-12-19 21:37:37] #45 | Script: RUNNING | NFS: OK | Mem: 41.5% (4753MB/11454MB) | Load: 1.31 1.24 1.05 | FDs: 5 | IOWait: % | Copied: N/A
[2025-12-19 21:38:08] #46 | Script: RUNNING | NFS: OK | Mem: 41.6% (4762MB/11454MB) | Load: 1.25 1.23 1.05 | FDs: 5 | IOWait: % | Copied: N/A
[2025-12-19 21:38:39] #47 | Script: RUNNING | NFS: OK | Mem: 41.5% (4752MB/11454MB) | Load: 1.27 1.24 1.06 | FDs: 5 | IOWait: % | Copied: N/A
[2025-12-19 21:39:10] #48 | Script: RUNNING | NFS: OK | Mem: 41.7% (4781MB/11454MB) | Load: 1.45 1.29 1.08 | FDs: 5 | IOWait: % | Copied: N/A
[2025-12-19 21:39:42] #49 | Script: RUNNING | NFS: OK | Mem: 41.5% (4752MB/11454MB) | Load: 1.52 1.33 1.10 | FDs: 5 | IOWait: % | Copied: N/A
[2025-12-19 21:40:13] #50 | Script: RUNNING | NFS: OK | Mem: 41.6% (4762MB/11454MB) | Load: 1.50 1.34 1.11 | FDs: 5 | IOWait: % | Copied: N/A
[2025-12-19 21:40:44] #51 | Script: RUNNING | NFS: OK | Mem: 41.5% (4754MB/11454MB) | Load: 1.55 1.37 1.13 | FDs: 5 | IOWait: % | Copied: N/A
[2025-12-19 21:41:15] #52 | Script: RUNNING | NFS: OK | Mem: 41.6% (4765MB/11454MB) | Load: 1.56 1.39 1.15 | FDs: 5 | IOWait: % | Copied: N/A
[2025-12-19 21:41:46] #53 | Script: RUNNING | NFS: OK | Mem: 41.4% (4742MB/11454MB) | Load: 1.79 1.47 1.18 | FDs: 5 | IOWait: % | Copied: N/A
[2025-12-19 21:42:17] #54 | Script: RUNNING | NFS: OK | Mem: 41.1% (4707MB/11454MB) | Load: 1.70 1.47 1.19 | FDs: 5 | IOWait: % | Copied: N/A
[2025-12-19 21:42:49] #55 | Script: RUNNING | NFS: OK | Mem: 41.1% (4705MB/11454MB) | Load: 1.57 1.46 1.19 | FDs: 5 | IOWait: % | Copied: N/A
[2025-12-19 21:43:20] #56 | Script: RUNNING | NFS: OK | Mem: 40.8% (4668MB/11454MB) | Load: 1.60 1.49 1.21 | FDs: 5 | IOWait: % | Copied: N/A
[2025-12-19 21:43:51] #57 | Script: RUNNING | NFS: OK | Mem: 40.8% (4673MB/11454MB) | Load: 1.49 1.47 1.21 | FDs: 5 | IOWait: % | Copied: N/A
[2025-12-19 21:44:22] #58 | Script: RUNNING | NFS: OK | Mem: 40.6% (4647MB/11454MB) | Load: 1.29 1.42 1.21 | FDs: 5 | IOWait: % | Copied: N/A
[2025-12-19 21:44:53] #59 | Script: RUNNING | NFS: OK | Mem: 40.5% (4640MB/11454MB) | Load: 1.18 1.38 1.20 | FDs: 5 | IOWait: % | Copied: N/A
[2025-12-19 21:45:25] #60 | Script: RUNNING | NFS: OK | Mem: 40.4% (4624MB/11454MB) | Load: 1.11 1.34 1.19 | FDs: 5 | IOWait: % | Copied: N/A
[2025-12-19 21:45:56] #61 | Script: RUNNING | NFS: OK | Mem: 40.2% (4605MB/11454MB) | Load: 1.14 1.32 1.18 | FDs: 5 | IOWait: % | Copied: N/A
[2025-12-19 21:46:27] #62 | Script: RUNNING | NFS: OK | Mem: 40.0% (4587MB/11454MB) | Load: 1.08 1.29 1.18 | FDs: 5 | IOWait: % | Copied: N/A
[2025-12-19 21:46:58] #63 | Script: RUNNING | NFS: OK | Mem: 40.2% (4599MB/11454MB) | Load: 1.05 1.26 1.17 | FDs: 5 | IOWait: % | Copied: N/A
[2025-12-19 21:47:29] #64 | Script: RUNNING | NFS: OK | Mem: 40.0% (4579MB/11454MB) | Load: 1.19 1.27 1.18 | FDs: 5 | IOWait: % | Copied: N/A
[2025-12-19 21:48:01] #65 | Script: RUNNING | NFS: OK | Mem: 39.8% (4559MB/11454MB) | Load: 1.18 1.25 1.18 | FDs: 5 | IOWait: % | Copied: N/A
[2025-12-19 21:48:32] #66 | Script: RUNNING | NFS: OK | Mem: 39.8% (4558MB/11454MB) | Load: 1.11 1.23 1.17 | FDs: 5 | IOWait: % | Copied: N/A
[2025-12-19 21:49:03] #67 | Script: RUNNING | NFS: OK | Mem: 39.6% (4541MB/11454MB) | Load: 1.07 1.20 1.16 | FDs: 5 | IOWait: % | Copied: N/A
[2025-12-19 21:49:34] #68 | Script: RUNNING | NFS: OK | Mem: 39.4% (4511MB/11454MB) | Load: 1.17 1.22 1.17 | FDs: 5 | IOWait: % | Copied: N/A
[2025-12-19 21:50:05] #69 | Script: RUNNING | NFS: OK | Mem: 33.2% (3802MB/11454MB) | Load: 1.21 1.22 1.18 | FDs: 5 | IOWait: % | Copied: N/A
[2025-12-19 21:50:36] #70 | Script: RUNNING | NFS: OK | Mem: 33.6% (3843MB/11454MB) | Load: 1.64 1.31 1.21 | FDs: 5 | IOWait: % | Copied: N/A
[2025-12-19 21:51:08] #71 | Script: RUNNING | NFS: OK | Mem: 40.9% (4690MB/11454MB) | Load: 2.33 1.50 1.27 | FDs: 5 | IOWait: % | Copied: N/A
[2025-12-19 21:51:39] #72 | Script: RUNNING | NFS: OK | Mem: 51.8% (5932MB/11454MB) | Load: 1.95 1.48 1.27 | FDs: 5 | IOWait: % | Copied: N/A
[2025-12-19 21:52:10] #73 | Script: RUNNING | NFS: OK | Mem: 51.6% (5906MB/11454MB) | Load: 2.96 1.79 1.39 | FDs: 5 | IOWait: % | Copied: N/A
[2025-12-19 21:52:41] #74 | Script: RUNNING | NFS: OK | Mem: 52.2% (5978MB/11454MB) | Load: 3.04 1.92 1.44 | FDs: 5 | IOWait: % | Copied: N/A
[2025-12-19 21:53:12] #75 | Script: RUNNING | NFS: OK | Mem: 49.2% (5638MB/11454MB) | Load: 3.20 2.08 1.51 | FDs: 5 | IOWait: % | Copied: N/A
[2025-12-19 21:53:43] #76 | Script: RUNNING | NFS: OK | Mem: 50.4% (5768MB/11454MB) | Load: 2.95 2.12 1.54 | FDs: 5 | IOWait: % | Copied: N/A
[2025-12-19 21:54:15] #77 | Script: RUNNING | NFS: OK | Mem: 50.4% (5778MB/11454MB) | Load: 3.16 2.25 1.61 | FDs: 5 | IOWait: % | Copied: N/A
[2025-12-19 21:54:46] #78 | Script: RUNNING | NFS: OK | Mem: 50.9% (5829MB/11454MB) | Load: 2.83 2.27 1.64 | FDs: 5 | IOWait: % | Copied: N/A
[2025-12-19 21:55:17] #79 | Script: RUNNING | NFS: OK | Mem: 51.7% (5916MB/11454MB) | Load: 2.88 2.34 1.68 | FDs: 5 | IOWait: % | Copied: N/A
[2025-12-19 21:55:48] #80 | Script: RUNNING | NFS: OK | Mem: 52.5% (6019MB/11454MB) | Load: 2.89 2.39 1.72 | FDs: 5 | IOWait: % | Copied: N/A
[2025-12-19 21:56:19] #81 | Script: RUNNING | NFS: OK | Mem: 53.5% (6125MB/11454MB) | Load: 3.08 2.49 1.78 | FDs: 5 | IOWait: % | Copied: N/A
[2025-12-19 21:56:50] #82 | Script: RUNNING | NFS: OK | Mem: 53.3% (6105MB/11454MB) | Load: 3.00 2.55 1.83 | FDs: 5 | IOWait: % | Copied: N/A
[2025-12-19 21:57:22] #83 | Script: RUNNING | NFS: OK | Mem: 54.3% (6219MB/11454MB) | Load: 3.20 2.64 1.88 | FDs: 5 | IOWait: % | Copied: N/A
[2025-12-19 21:57:53] #84 | Script: RUNNING | NFS: OK | Mem: 55.2% (6320MB/11454MB) | Load: 2.95 2.62 1.90 | FDs: 5 | IOWait: % | Copied: N/A
[2025-12-19 21:58:24] #85 | Script: RUNNING | NFS: OK | Mem: 55.5% (6352MB/11454MB) | Load: 3.26 2.73 1.96 | FDs: 5 | IOWait: % | Copied: N/A
[2025-12-19 21:58:55] #86 | Script: RUNNING | NFS: OK | Mem: 56.0% (6414MB/11454MB) | Load: 3.03 2.73 1.99 | FDs: 5 | IOWait: % | Copied: N/A
[2025-12-19 21:59:26] #87 | Script: RUNNING | NFS: OK | Mem: 56.5% (6472MB/11454MB) | Load: 3.03 2.75 2.02 | FDs: 5 | IOWait: % | Copied: N/A
[2025-12-19 21:59:58] #88 | Script: RUNNING | NFS: OK | Mem: 57.3% (6559MB/11454MB) | Load: 3.03 2.78 2.06 | FDs: 5 | IOWait: % | Copied: N/A
[2025-12-19 22:00:29] #89 | Script: RUNNING | NFS: OK | Mem: 58.0% (6648MB/11454MB) | Load: 2.79 2.74 2.07 | FDs: 5 | IOWait: % | Copied: N/A
[2025-12-19 22:01:00] #90 | Script: RUNNING | NFS: OK | Mem: 59.0% (6755MB/11454MB) | Load: 2.75 2.73 2.09 | FDs: 5 | IOWait: % | Copied: N/A
[2025-12-19 22:01:31] #91 | Script: RUNNING | NFS: OK | Mem: 59.5% (6818MB/11454MB) | Load: 2.91 2.78 2.13 | FDs: 5 | IOWait: % | Copied: N/A
[2025-12-19 22:02:02] #92 | Script: RUNNING | NFS: OK | Mem: 60.3% (6909MB/11454MB) | Load: 2.79 2.75 2.14 | FDs: 5 | IOWait: % | Copied: N/A
[2025-12-19 22:02:33] #93 | Script: RUNNING | NFS: OK | Mem: 61.2% (7007MB/11454MB) | Load: 2.66 2.73 2.15 | FDs: 5 | IOWait: % | Copied: N/A
[2025-12-19 22:03:05] #94 | Script: RUNNING | NFS: OK | Mem: 61.9% (7092MB/11454MB) | Load: 2.61 2.71 2.16 | FDs: 5 | IOWait: % | Copied: N/A
[2025-12-19 22:03:36] #95 | Script: RUNNING | NFS: OK | Mem: 62.9% (7210MB/11454MB) | Load: 2.50 2.67 2.17 | FDs: 5 | IOWait: % | Copied: N/A
[2025-12-19 22:04:07] #96 | Script: RUNNING | NFS: OK | Mem: 63.8% (7305MB/11454MB) | Load: 2.79 2.72 2.20 | FDs: 5 | IOWait: % | Copied: N/A
[2025-12-19 22:04:38] #97 | Script: RUNNING | NFS: OK | Mem: 64.6% (7394MB/11454MB) | Load: 3.02 2.79 2.24 | FDs: 5 | IOWait: % | Copied: N/A
[2025-12-19 22:05:09] #98 | Script: RUNNING | NFS: OK | Mem: 65.3% (7481MB/11454MB) | Load: 3.04 2.82 2.27 | FDs: 5 | IOWait: % | Copied: N/A
[2025-12-19 22:05:40] #99 | Script: RUNNING | NFS: OK | Mem: 66.1% (7568MB/11454MB) | Load: 2.94 2.81 2.29 | FDs: 5 | IOWait: % | Copied: N/A
[2025-12-19 22:06:12] #100 | Script: RUNNING | NFS: OK | Mem: 66.9% (7664MB/11454MB) | Load: 2.69 2.77 2.29 | FDs: 5 | IOWait: % | Copied: N/A
[2025-12-19 22:06:43] #101 | Script: RUNNING | NFS: OK | Mem: 67.8% (7766MB/11454MB) | Load: 2.69 2.76 2.30 | FDs: 5 | IOWait: % | Copied: N/A
[2025-12-19 22:07:14] #102 | Script: RUNNING | NFS: OK | Mem: 68.7% (7872MB/11454MB) | Load: 2.67 2.75 2.31 | FDs: 5 | IOWait: % | Copied: N/A
[2025-12-19 22:07:45] #103 | Script: RUNNING | NFS: OK | Mem: 69.3% (7943MB/11454MB) | Load: 2.81 2.76 2.33 | FDs: 5 | IOWait: % | Copied: N/A
[2025-12-19 22:08:16] #104 | Script: RUNNING | NFS: OK | Mem: 70.0% (8021MB/11454MB) | Load: 2.57 2.71 2.33 | FDs: 5 | IOWait: % | Copied: N/A
[2025-12-19 22:08:48] #105 | Script: RUNNING | NFS: OK | Mem: 70.8% (8110MB/11454MB) | Load: 2.76 2.74 2.35 | FDs: 5 | IOWait: % | Copied: N/A
[2025-12-19 22:09:19] #106 | Script: RUNNING | NFS: OK | Mem: 71.6% (8200MB/11454MB) | Load: 2.86 2.76 2.37 | FDs: 5 | IOWait: % | Copied: N/A
[2025-12-19 22:09:50] #107 | Script: RUNNING | NFS: OK | Mem: 72.5% (8302MB/11454MB) | Load: 2.77 2.75 2.38 | FDs: 5 | IOWait: % | Copied: N/A
[2025-12-19 22:10:21] #108 | Script: RUNNING | NFS: OK | Mem: 73.1% (8371MB/11454MB) | Load: 2.82 2.76 2.40 | FDs: 5 | IOWait: % | Copied: N/A
[2025-12-19 22:10:52] #109 | Script: RUNNING | NFS: OK | Mem: 73.9% (8462MB/11454MB) | Load: 2.85 2.77 2.41 | FDs: 5 | IOWait: % | Copied: N/A
[2025-12-19 22:11:23] #110 | Script: RUNNING | NFS: OK | Mem: 74.1% (8488MB/11454MB) | Load: 3.08 2.84 2.45 | FDs: 5 | IOWait: % | Copied: N/A
[2025-12-19 22:11:55] #111 | Script: RUNNING | NFS: OK | Mem: 74.8% (8564MB/11454MB) | Load: 2.76 2.79 2.44 | FDs: 5 | IOWait: % | Copied: N/A
[2025-12-19 22:12:26] #112 | Script: RUNNING | NFS: OK | Mem: 75.4% (8636MB/11454MB) | Load: 2.70 2.77 2.45 | FDs: 5 | IOWait: % | Copied: N/A
[2025-12-19 22:12:57] #113 | Script: RUNNING | NFS: OK | Mem: 76.1% (8718MB/11454MB) | Load: 2.54 2.73 2.45 | FDs: 5 | IOWait: % | Copied: N/A
[2025-12-19 22:13:28] #114 | Script: RUNNING | NFS: OK | Mem: 77.0% (8814MB/11454MB) | Load: 2.91 2.79 2.48 | FDs: 5 | IOWait: % | Copied: N/A
[2025-12-19 22:13:59] #115 | Script: RUNNING | NFS: OK | Mem: 77.6% (8887MB/11454MB) | Load: 2.77 2.76 2.48 | FDs: 5 | IOWait: % | Copied: N/A
[2025-12-19 22:14:31] #116 | Script: RUNNING | NFS: OK | Mem: 78.4% (8975MB/11454MB) | Load: 2.66 2.73 2.47 | FDs: 5 | IOWait: % | Copied: N/A
[2025-12-19 22:15:02] #117 | Script: RUNNING | NFS: OK | Mem: 79.1% (9057MB/11454MB) | Load: 2.68 2.72 2.48 | FDs: 5 | IOWait: % | Copied: N/A
[2025-12-19 22:15:33] #118 | Script: RUNNING | NFS: OK | Mem: 79.9% (9150MB/11454MB) | Load: 2.61 2.70 2.48 | FDs: 5 | IOWait: % | Copied: N/A
[2025-12-19 22:16:04] #119 | Script: RUNNING | NFS: OK | Mem: 80.6% (9234MB/11454MB) | Load: 2.52 2.68 2.48 | FDs: 5 | IOWait: % | Copied: N/A
[2025-12-19 22:16:35] #120 | Script: RUNNING | NFS: OK | Mem: 81.3% (9310MB/11454MB) | Load: 2.77 2.73 2.50 | FDs: 5 | IOWait: % | Copied: N/A
=== Monitor Started: Fri Dec 19 10:17:05 PM EST 2025 ===
Logging to: /home/chapman/projects/mycloud-restsdk-recovery-script/monitor.log (interval: 30s)
NFS Mount: /mnt/nfs-media
[2025-12-19 22:17:05] #1 | Script: restsdk | NFS: OK | Mem: 82.1% (9405MB/11454MB) | Load: 3.22 2.82 2.54 | FDs: 5 | IOWait: 24.32% | Copied: 13897 (from log)
[2025-12-19 22:17:36] #2 | Script: restsdk | NFS: OK | Mem: 82.8% (9483MB/11454MB) | Load: 2.89 2.78 2.54 | FDs: 5 | IOWait: 21.34% | Copied: 14253 (from log)
[2025-12-19 22:18:07] #3 | Script: restsdk | NFS: OK | Mem: 83.5% (9569MB/11454MB) | Load: 3.04 2.82 2.56 | FDs: 5 | IOWait: 23.02% | Copied: 14580 (from log)
[2025-12-19 22:18:39] #4 | Script: restsdk | NFS: OK | Mem: 82.2% (9417MB/11454MB) | Load: 3.20 2.88 2.59 | FDs: 5 | IOWait: 21.88% | Copied: 14926 (from log)
[2025-12-19 22:19:10] #5 | Script: restsdk | NFS: OK | Mem: 83.2% (9529MB/11454MB) | Load: 3.20 2.90 2.60 | FDs: 5 | IOWait: 16.67% | Copied: 15224 (from log)
[2025-12-19 22:19:41] #6 | Script: restsdk | NFS: OK | Mem: 84.0% (9617MB/11454MB) | Load: 2.85 2.84 2.59 | FDs: 5 | IOWait: 23.21% | Copied: 15595 (from log)
[2025-12-19 22:20:12] #7 | Script: restsdk | NFS: OK | Mem: 84.6% (9695MB/11454MB) | Load: 2.85 2.84 2.60 | FDs: 5 | IOWait: 24.19% | Copied: 15889 (from log)
[2025-12-19 22:20:43] #8 | Script: restsdk | NFS: OK | Mem: 85.5% (9796MB/11454MB) | Load: 2.99 2.88 2.62 | FDs: 5 | IOWait: 30.77% | Copied: 16181 (from log)
[2025-12-19 22:21:15] #9 | Script: restsdk | NFS: OK | Mem: 86.3% (9883MB/11454MB) | Load: 2.81 2.85 2.62 | FDs: 5 | IOWait: 11.07% | Copied: 16467 (from log)
[2025-12-19 22:21:46] #10 | Script: restsdk | NFS: OK | Mem: 87.1% (9980MB/11454MB) | Load: 2.80 2.84 2.63 | FDs: 5 | IOWait: 24.44% | Copied: 16822 (from log)
[2025-12-19 22:22:17] #11 | Script: restsdk | NFS: OK | Mem: 88.1% (10087MB/11454MB) | Load: 2.81 2.84 2.64 | FDs: 5 | IOWait: 16.64% | Copied: 17159 (from log)
[2025-12-19 22:22:48] #12 | Script: restsdk | NFS: OK | Mem: 88.8% (10176MB/11454MB) | Load: 2.95 2.87 2.65 | FDs: 5 | IOWait: 23.42% | Copied: 17500 (from log)
[2025-12-19 22:23:19] #13 | Script: restsdk | NFS: OK | Mem: 89.7% (10278MB/11454MB) | Load: 2.86 2.85 2.65 | FDs: 5 | IOWait: 23.04% | Copied: 17792 (from log)
[2025-12-19 22:23:50] #14 | Script: restsdk | NFS: OK | Mem: 90.5% (10369MB/11454MB) | Load: 2.71 2.82 2.65 | FDs: 5 | IOWait: 19.29% | Copied: 18165 (from log)
  ⚠️  ALERT: Memory usage critical: 91%!
[2025-12-19 22:24:22] #15 | Script: restsdk | NFS: OK | Mem: 91.4% (10464MB/11454MB) | Load: 2.67 2.79 2.64 | FDs: 5 | IOWait: 24.14% | Copied: 18457 (from log)
  ⚠️  ALERT: Memory usage critical: 91%!
[2025-12-19 22:24:53] #16 | Script: restsdk | NFS: OK | Mem: 92.2% (10560MB/11454MB) | Load: 2.55 2.75 2.63 | FDs: 5 | IOWait: 21.09% | Copied: 18748 (from log)
  ⚠️  ALERT: Memory usage critical: 92%!
[2025-12-19 22:25:24] #17 | Script: restsdk | NFS: OK | Mem: 93.0% (10648MB/11454MB) | Load: 2.54 2.72 2.63 | FDs: 5 | IOWait: 22.05% | Copied: 19110 (from log)
  ⚠️  ALERT: Memory usage critical: 93%!
[2025-12-19 22:25:55] #18 | Script: restsdk | NFS: OK | Mem: 93.7% (10731MB/11454MB) | Load: 2.57 2.72 2.63 | FDs: 5 | IOWait: 4.90% | Copied: 19390 (from log)
  ⚠️  ALERT: Memory usage critical: 94%!
[2025-12-19 22:26:26] #19 | Script: restsdk | NFS: OK | Mem: 94.5% (10825MB/11454MB) | Load: 2.69 2.73 2.64 | FDs: 5 | IOWait: 18.00% | Copied: 19732 (from log)
  ⚠️  ALERT: Memory usage critical: 95%!
[2025-12-19 22:26:57] #20 | Script: restsdk | NFS: OK | Mem: 95.3% (10918MB/11454MB) | Load: 2.70 2.73 2.64 | FDs: 5 | IOWait: 17.04% | Copied: 19998 (from log)
  ⚠️  ALERT: Memory usage critical: 95%!
=== Monitor Started: Fri Dec 19 10:28:27 PM EST 2025 ===
Logging to: /home/chapman/projects/mycloud-restsdk-recovery-script/monitor.log (interval: 30s)
NFS Mount: /mnt/nfs-media
[2025-12-19 22:28:27] #1 | Script: restsdk | NFS: OK | Mem: 97.3% (11142MB/11454MB) | Load: 2.48 2.65 2.62 | FDs: 5 | IOWait: 20.68% | Copied: 20873 (from log)
  ⚠️  ALERT: Memory usage critical: 97%!
[2025-12-19 22:28:58] #2 | Script: restsdk | NFS: OK | Mem: 97.8% (11198MB/11454MB) | Load: 2.87 2.72 2.65 | FDs: 5 | IOWait: 29.62% | Copied: 21167 (from log)
  ⚠️  ALERT: Memory usage critical: 98%!
[2025-12-19 22:29:30] #3 | Script: restsdk | NFS: OK | Mem: 97.9% (11214MB/11454MB) | Load: 5.50 3.35 2.86 | FDs: 5 | IOWait: 70.21% | Copied: 21381 (from log)
  ⚠️  ALERT: Memory usage critical: 98%!
[2025-12-19 22:30:12] #4 | Script: restsdk | NFS: OK | Mem: 98.3% (11264MB/11454MB) | Load: 10.87 4.97 3.42 | FDs: 5 | IOWait: 47.86% | Copied: 21381 (from log)
  ⚠️  ALERT: Memory usage critical: 98%!
[2025-12-19 22:30:46] #5 | Script: restsdk | NFS: OK | Mem: 98.3% (11259MB/11454MB) | Load: 12.26 5.91 3.79 | FDs: 5 | IOWait: 72.74% | Copied: 21527 (from log)
  ⚠️  ALERT: Memory usage critical: 98%!
[2025-12-19 22:31:39] #6 | Script: restsdk | NFS: OK | Mem: 98.3% (11263MB/11454MB) | Load: 14.48 7.62 4.50 | FDs: 5 | IOWait: 71.73% | Copied: 21527 (from log)
  ⚠️  ALERT: Memory usage critical: 98%!
[2025-12-19 22:33:06] #7 | Script: restsdk | NFS: OK | Mem: 98.4% (11272MB/11454MB) | Load: 20.15 11.24 6.06 | FDs: 5 | IOWait: 71.96% | Copied: 21527 (from log)
  ⚠️  ALERT: Memory usage critical: 98%!
[2025-12-19 22:34:00] #8 | Script: restsdk | NFS: OK | Mem: 98.4% (11268MB/11454MB) | Load: 18.17 12.15 6.67 | FDs: 5 | IOWait: 74.96% | Copied: 21601 (from log)
  ⚠️  ALERT: Memory usage critical: 98%!
[2025-12-19 22:36:10] #9 | Script: restsdk | NFS: OK | Mem: 98.4% (11270MB/11454MB) | Load: 26.24 17.86 9.54 | FDs: 5 | IOWait: 70.23% | Copied: 21601 (from log)
  ⚠️  ALERT: Memory usage critical: 99%!
[2025-12-19 22:37:42] #10 | Script: restsdk | NFS: OK | Mem: 98.7% (11300MB/11454MB) | Load: 28.38 20.53 11.33 | FDs: 5 | IOWait: 75.27% | Copied: 21601 (from log)
  ⚠️  ALERT: Memory usage critical: 99%!
[2025-12-19 22:52:39] #11 | Script: restsdk | NFS: OK | Mem: 98.8% (11311MB/11454MB) | Load: 58.81 98.08 70.61 | FDs: 5 | IOWait: 71.99% | Copied: 21601 (from log)
  ⚠️  ALERT: Memory usage critical: 99%!
[2025-12-19 22:53:49] #12 | Script: restsdk | NFS: OK | Mem: 98.7% (11307MB/11454MB) | Load: 34.07 82.32 67.12 | FDs: 5 | IOWait: 70.00% | Copied: 21601 (from log)
  ⚠️  ALERT: Memory usage critical: 99%!
[2025-12-19 22:55:37] #13 | Script: restsdk | NFS: OK | Mem: 98.7% (11307MB/11454MB) | Load: 45.90 66.12 63.06 | FDs: 5 | IOWait: 79.20% | Copied: 21601 (from log)
  ⚠️  ALERT: Memory usage critical: 99%!
[2025-12-19 22:58:57] #14 | Script: restsdk | NFS: OK | Mem: 98.8% (11316MB/11454MB) | Load: 32.04 54.87 59.48 | FDs: 5 | IOWait: 74.72% | Copied: 21601 (from log)
  ⚠️  ALERT: Memory usage critical: 99%!
[2025-12-19 23:00:09] #15 | Script: restsdk | NFS: OK | Mem: 98.7% (11310MB/11454MB) | Load: 24.75 47.56 56.57 | FDs: 5 | IOWait: 72.89% | Copied: 21601 (from log)
  ⚠️  ALERT: Memory usage critical: 99%!
[2025-12-19 23:01:23] #16 | Script: restsdk | NFS: OK | Mem: 98.8% (11312MB/11454MB) | Load: 22.56 41.81 53.86 | FDs: 5 | IOWait: 71.74% | Copied: 21675 (from log)
  ⚠️  ALERT: Memory usage critical: 99%!
[2025-12-19 23:02:35] #17 | Script: restsdk | NFS: OK | Mem: 98.8% (11319MB/11454MB) | Load: 25.52 38.70 51.90 | FDs: 5 | IOWait: 72.12% | Copied: 21675 (from log)
  ⚠️  ALERT: Memory usage critical: 99%!
[2025-12-19 23:03:53] #18 | Script: restsdk | NFS: OK | Mem: 98.8% (11314MB/11454MB) | Load: 22.35 34.65 49.39 | FDs: 5 | IOWait: 74.62% | Copied: 21675 (from log)
  ⚠️  ALERT: Memory usage critical: 99%!
[2025-12-19 23:05:39] #19 | Script: restsdk | NFS: OK | Mem: 98.8% (11317MB/11454MB) | Load: 27.26 32.58 47.05 | FDs: 5 | IOWait: 74.17% | Copied: 21675 (from log)
  ⚠️  ALERT: Memory usage critical: 99%!
[2025-12-19 23:07:24] #20 | Script: restsdk | NFS: OK | Mem: 98.8% (11313MB/11454MB) | Load: 24.14 30.41 44.75 | FDs: 5 | IOWait: 73.43% | Copied: 21675 (from log)
  ⚠️  ALERT: Memory usage critical: 99%!
[2025-12-19 23:08:43] #21 | Script: restsdk | NFS: OK | Mem: 98.8% (11316MB/11454MB) | Load: 20.84 28.05 42.81 | FDs: 5 | IOWait: 75.91% | Copied: 21675 (from log)
  ⚠️  ALERT: Memory usage critical: 99%!
[2025-12-19 23:10:26] #22 | Script: restsdk | NFS: STALLED! | Mem: 98.8% (11313MB/11454MB) | Load: 26.36 27.71 41.03 | FDs: 5 | IOWait: 78.22% | Copied: 21675 (from log)
  ⚠️  ALERT: NFS appears stalled! Check mount.
  ⚠️  ALERT: Memory usage critical: 99%!
[2025-12-19 23:14:04] #23 | Script: restsdk | NFS: OK | Mem: 98.8% (11312MB/11454MB) | Load: 35.27 33.04 40.40 | FDs: 5 | IOWait: 79.07% | Copied: 21675 (from log)
  ⚠️  ALERT: Memory usage critical: 99%!
[2025-12-19 23:16:50] #24 | Script: restsdk | NFS: OK | Mem: 98.7% (11309MB/11454MB) | Load: 34.12 34.02 39.59 | FDs: 5 | IOWait: 73.91% | Copied: 21675 (from log)
  ⚠️  ALERT: Memory usage critical: 99%!
[2025-12-19 23:19:49] #25 | Script: restsdk | NFS: OK | Mem: 98.8% (11318MB/11454MB) | Load: 32.57 34.44 38.88 | FDs: 5 | IOWait: 76.47% | Copied: 21675 (from log)
  ⚠️  ALERT: Memory usage critical: 99%!
[2025-12-19 23:22:05] #26 | Script: restsdk | NFS: OK | Mem: 98.8% (11314MB/11454MB) | Load: 34.93 34.26 38.16 | FDs: 5 | IOWait: 75.83% | Copied: 21675 (from log)
  ⚠️  ALERT: Memory usage critical: 99%!
[2025-12-19 23:24:22] #27 | Script: restsdk | NFS: OK | Mem: 98.8% (11311MB/11454MB) | Load: 29.54 33.08 37.24 | FDs: 5 | IOWait: 74.80% | Copied: 21675 (from log)
  ⚠️  ALERT: Memory usage critical: 99%!
[2025-12-19 23:26:14] #28 | Script: restsdk | NFS: OK | Mem: 98.8% (11315MB/11454MB) | Load: 28.47 31.71 36.28 | FDs: 5 | IOWait: 80.47% | Copied: 21675 (from log)
  ⚠️  ALERT: Memory usage critical: 99%!
[2025-12-19 23:28:18] #29 | Script: restsdk | NFS: OK | Mem: 98.8% (11312MB/11454MB) | Load: 27.72 30.84 35.42 | FDs: 5 | IOWait: 75.74% | Copied: 21675 (from log)
  ⚠️  ALERT: Memory usage critical: 99%!
[2025-12-19 23:29:59] #30 | Script: restsdk | NFS: OK | Mem: 98.8% (11317MB/11454MB) | Load: 28.07 30.10 34.69 | FDs: 5 | IOWait: 75.73% | Copied: 21675 (from log)
  ⚠️  ALERT: Memory usage critical: 99%!
[2025-12-19 23:31:55] #31 | Script: restsdk | NFS: OK | Mem: 98.8% (11315MB/11454MB) | Load: 36.99 31.99 34.75 | FDs: 5 | IOWait: 76.00% | Copied: 21675 (from log)
  ⚠️  ALERT: Memory usage critical: 99%!
[2025-12-19 23:35:40] #32 | Script: restsdk | NFS: OK | Mem: 98.7% (11308MB/11454MB) | Load: 45.21 38.74 36.85 | FDs: 5 | IOWait: 77.68% | Copied: 21743 (from log)
  ⚠️  ALERT: Memory usage critical: 99%!
[2025-12-19 23:39:31] #33 | Script: restsdk | NFS: OK | Mem: 98.8% (11311MB/11454MB) | Load: 38.38 39.43 37.64 | FDs: 5 | IOWait: 77.79% | Copied: 21743 (from log)
  ⚠️  ALERT: Memory usage critical: 99%!
[2025-12-19 23:43:39] #34 | Script: restsdk | NFS: STALLED! | Mem: 98.8% (11315MB/11454MB) | Load: 53.35 45.50 40.38 | FDs: 5 | IOWait: 76.31% | Copied: 21743 (from log)
  ⚠️  ALERT: NFS appears stalled! Check mount.
  ⚠️  ALERT: Memory usage critical: 99%!
[2025-12-19 23:49:17] #35 | Script: restsdk | NFS: STALLED! | Mem: 98.8% (11314MB/11454MB) | Load: 61.38 53.17 45.17 | FDs: 5 | IOWait: 76.01% | Copied: 21743 (from log)
  ⚠️  ALERT: NFS appears stalled! Check mount.
  ⚠️  ALERT: Memory usage critical: 99%!
=== Monitor Started: Sat Dec 20 08:21:35 AM EST 2025 ===
Logging to: /home/chapman/projects/mycloud-restsdk-recovery-script/monitor.log (interval: 30s)
NFS Mount: /mnt/nfs-media
[2025-12-20 08:21:35] #1 | Script: restsdk | NFS: OK | Mem: 14.7% (1689MB/11454MB) | Load: 0.75 0.32 0.23 | FDs: N/A | IOWait: 15.82% | Copied: 0
0 (from log)
[2025-12-20 08:22:06] #2 | Script: restsdk | NFS: OK | Mem: 14.9% (1702MB/11454MB) | Load: 0.92 0.40 0.26 | FDs: N/A | IOWait: 15.76% | Copied: 0
0 (from log)
[2025-12-20 08:22:37] #3 | Script: restsdk | NFS: OK | Mem: 14.9% (1711MB/11454MB) | Load: 1.10 0.50 0.30 | FDs: N/A | IOWait: 15.74% | Copied: 0
0 (from log)
[2025-12-20 08:23:08] #4 | Script: restsdk | NFS: OK | Mem: 15.1% (1732MB/11454MB) | Load: 1.06 0.55 0.32 | FDs: N/A | IOWait: 15.48% | Copied: 0
0 (from log)
[2025-12-20 08:23:40] #5 | Script: restsdk | NFS: OK | Mem: 15.2% (1746MB/11454MB) | Load: 1.11 0.61 0.35 | FDs: N/A | IOWait: 15.23% | Copied: 0
0 (from log)
[2025-12-20 08:24:11] #6 | Script: restsdk | NFS: OK | Mem: 15.5% (1781MB/11454MB) | Load: 1.07 0.65 0.38 | FDs: N/A | IOWait: 15.25% | Copied: 0
0 (from log)
[2025-12-20 08:24:42] #7 | Script: restsdk | NFS: OK | Mem: 15.6% (1792MB/11454MB) | Load: 1.10 0.70 0.40 | FDs: N/A | IOWait: 14.90% | Copied: 0
0 (from log)
[2025-12-20 08:25:13] #8 | Script: restsdk | NFS: OK | Mem: 16.0% (1832MB/11454MB) | Load: 1.12 0.75 0.43 | FDs: N/A | IOWait: 15.14% | Copied: 0
0 (from log)
[2025-12-20 08:25:44] #9 | Script: restsdk | NFS: OK | Mem: 16.2% (1857MB/11454MB) | Load: 1.06 0.78 0.45 | FDs: N/A | IOWait: 15.08% | Copied: 0
0 (from log)
[2025-12-20 08:26:16] #10 | Script: restsdk | NFS: OK | Mem: 16.4% (1884MB/11454MB) | Load: 1.14 0.83 0.48 | FDs: N/A | IOWait: 15.48% | Copied: 0
0 (from log)
[2025-12-20 08:26:47] #11 | Script: restsdk | NFS: OK | Mem: 16.8% (1926MB/11454MB) | Load: 1.09 0.85 0.50 | FDs: N/A | IOWait: 15.42% | Copied: 0
0 (from log)
[2025-12-20 08:27:18] #12 | Script: restsdk | NFS: OK | Mem: 16.9% (1934MB/11454MB) | Load: 1.19 0.90 0.53 | FDs: N/A | IOWait: 15.37% | Copied: 0
0 (from log)
[2025-12-20 08:27:49] #13 | Script: restsdk | NFS: OK | Mem: 17.2% (1966MB/11454MB) | Load: 1.16 0.92 0.55 | FDs: N/A | IOWait: 0.00% | Copied: 0
0 (from log)
[2025-12-20 08:28:20] #14 | Script: restsdk | NFS: OK | Mem: 19.9% (2282MB/11454MB) | Load: 1.14 0.95 0.57 | FDs: N/A | IOWait: 1.69% | Copied: 0
0 (from log)
[2025-12-20 08:28:51] #15 | Script: restsdk | NFS: OK | Mem: 40.6% (4655MB/11454MB) | Load: 1.08 0.95 0.59 | FDs: N/A | IOWait: 0.00% | Copied: 0
0 (from log)
[2025-12-20 08:29:23] #16 | Script: restsdk | NFS: OK | Mem: 40.6% (4646MB/11454MB) | Load: 1.13 0.97 0.61 | FDs: N/A | IOWait: 0.00% | Copied: 0
0 (from log)
[2025-12-20 08:29:54] #17 | Script: restsdk | NFS: OK | Mem: 40.5% (4644MB/11454MB) | Load: 1.08 0.98 0.62 | FDs: N/A | IOWait: 0.17% | Copied: 0
0 (from log)
[2025-12-20 08:30:25] #18 | Script: restsdk | NFS: OK | Mem: 40.6% (4648MB/11454MB) | Load: 1.04 0.98 0.64 | FDs: N/A | IOWait: 1.19% | Copied: 0
0 (from log)
[2025-12-20 08:30:56] #19 | Script: restsdk | NFS: OK | Mem: 40.6% (4650MB/11454MB) | Load: 1.28 1.05 0.67 | FDs: N/A | IOWait: 3.92% | Copied: 0
0 (from log)
[2025-12-20 08:31:27] #20 | Script: restsdk | NFS: OK | Mem: 40.6% (4656MB/11454MB) | Load: 1.17 1.04 0.68 | FDs: N/A | IOWait: 0.00% | Copied: 0
0 (from log)
[2025-12-20 08:31:58] #21 | Script: restsdk | NFS: OK | Mem: 40.7% (4659MB/11454MB) | Load: 1.10 1.03 0.70 | FDs: N/A | IOWait: 1.36% | Copied: 0
0 (from log)
[2025-12-20 08:32:30] #22 | Script: restsdk | NFS: OK | Mem: 40.5% (4640MB/11454MB) | Load: 1.05 1.03 0.71 | FDs: N/A | IOWait: 0.17% | Copied: 0
0 (from log)
[2025-12-20 08:33:01] #23 | Script: restsdk | NFS: OK | Mem: 40.6% (4645MB/11454MB) | Load: 1.03 1.02 0.72 | FDs: N/A | IOWait: 0.00% | Copied: 0
0 (from log)
[2025-12-20 08:33:32] #24 | Script: restsdk | NFS: OK | Mem: 40.6% (4645MB/11454MB) | Load: 1.47 1.13 0.77 | FDs: N/A | IOWait: 0.17% | Copied: 0
0 (from log)
[2025-12-20 08:34:03] #25 | Script: restsdk | NFS: OK | Mem: 40.6% (4647MB/11454MB) | Load: 1.79 1.25 0.82 | FDs: N/A | IOWait: 0.00% | Copied: 0
0 (from log)
[2025-12-20 08:34:34] #26 | Script: restsdk | NFS: OK | Mem: 40.5% (4643MB/11454MB) | Load: 1.51 1.23 0.83 | FDs: N/A | IOWait: 0.00% | Copied: 0
0 (from log)
[2025-12-20 08:35:06] #27 | Script: restsdk | NFS: OK | Mem: 40.6% (4649MB/11454MB) | Load: 1.71 1.31 0.87 | FDs: N/A | IOWait: 0.17% | Copied: 0
0 (from log)
[2025-12-20 08:35:37] #28 | Script: restsdk | NFS: OK | Mem: 40.5% (4643MB/11454MB) | Load: 1.43 1.28 0.88 | FDs: N/A | IOWait: 0.00% | Copied: 0
0 (from log)
[2025-12-20 08:36:08] #29 | Script: restsdk | NFS: OK | Mem: 40.9% (4684MB/11454MB) | Load: 1.88 1.40 0.93 | FDs: N/A | IOWait: 0.00% | Copied: 0
0 (from log)
[2025-12-20 08:36:39] #30 | Script: restsdk | NFS: OK | Mem: 41.3% (4730MB/11454MB) | Load: 1.53 1.36 0.93 | FDs: N/A | IOWait: 0.00% | Copied: 0
0 (from log)
[2025-12-20 08:37:10] #31 | Script: restsdk | NFS: OK | Mem: 40.6% (4652MB/11454MB) | Load: 1.36 1.33 0.94 | FDs: N/A | IOWait: 0.00% | Copied: 0
0 (from log)
[2025-12-20 08:37:41] #32 | Script: restsdk | NFS: OK | Mem: 40.7% (4666MB/11454MB) | Load: 1.22 1.30 0.94 | FDs: N/A | IOWait: 0.00% | Copied: 0
0 (from log)
[2025-12-20 08:38:13] #33 | Script: restsdk | NFS: OK | Mem: 41.2% (4714MB/11454MB) | Load: 1.27 1.30 0.96 | FDs: N/A | IOWait: 0.00% | Copied: 0
0 (from log)
[2025-12-20 08:38:44] #34 | Script: restsdk | NFS: OK | Mem: 40.6% (4646MB/11454MB) | Load: 1.23 1.29 0.97 | FDs: N/A | IOWait: 0.00% | Copied: 0
0 (from log)
[2025-12-20 08:39:15] #35 | Script: restsdk | NFS: OK | Mem: 41.2% (4724MB/11454MB) | Load: 1.19 1.27 0.97 | FDs: N/A | IOWait: 0.17% | Copied: 0
0 (from log)
[2025-12-20 08:39:46] #36 | Script: restsdk | NFS: OK | Mem: 40.5% (4643MB/11454MB) | Load: 1.29 1.29 0.99 | FDs: N/A | IOWait: 0.17% | Copied: 0
0 (from log)
[2025-12-20 08:40:17] #37 | Script: restsdk | NFS: OK | Mem: 40.5% (4638MB/11454MB) | Load: 1.37 1.31 1.01 | FDs: N/A | IOWait: 0.00% | Copied: 0
0 (from log)
[2025-12-20 08:40:48] #38 | Script: restsdk | NFS: OK | Mem: 41.0% (4699MB/11454MB) | Load: 1.29 1.30 1.01 | FDs: N/A | IOWait: 0.17% | Copied: 0
0 (from log)
[2025-12-20 08:41:20] #39 | Script: restsdk | NFS: OK | Mem: 40.5% (4642MB/11454MB) | Load: 1.55 1.36 1.04 | FDs: N/A | IOWait: 0.17% | Copied: 0
0 (from log)
[2025-12-20 08:41:51] #40 | Script: restsdk | NFS: OK | Mem: 40.5% (4639MB/11454MB) | Load: 1.41 1.34 1.05 | FDs: N/A | IOWait: 0.00% | Copied: 0
0 (from log)
[2025-12-20 08:42:22] #41 | Script: restsdk | NFS: OK | Mem: 40.5% (4637MB/11454MB) | Load: 1.31 1.32 1.05 | FDs: N/A | IOWait: 0.51% | Copied: 0
0 (from log)
[2025-12-20 08:42:53] #42 | Script: restsdk | NFS: OK | Mem: 40.5% (4634MB/11454MB) | Load: 1.18 1.29 1.05 | FDs: N/A | IOWait: 0.00% | Copied: 0
0 (from log)
[2025-12-20 08:43:24] #43 | Script: restsdk | NFS: OK | Mem: 40.4% (4633MB/11454MB) | Load: 1.36 1.32 1.07 | FDs: N/A | IOWait: 0.00% | Copied: 0
0 (from log)
[2025-12-20 08:43:55] #44 | Script: restsdk | NFS: OK | Mem: 40.5% (4643MB/11454MB) | Load: 1.39 1.34 1.08 | FDs: N/A | IOWait: 0.17% | Copied: 0
0 (from log)
[2025-12-20 08:44:27] #45 | Script: restsdk | NFS: OK | Mem: 40.5% (4637MB/11454MB) | Load: 1.30 1.32 1.08 | FDs: N/A | IOWait: 0.00% | Copied: 0
0 (from log)
[2025-12-20 08:44:58] #46 | Script: restsdk | NFS: OK | Mem: 40.5% (4634MB/11454MB) | Load: 1.24 1.30 1.09 | FDs: N/A | IOWait: 0.17% | Copied: 0
0 (from log)
[2025-12-20 08:45:29] #47 | Script: restsdk | NFS: OK | Mem: 40.5% (4636MB/11454MB) | Load: 1.27 1.31 1.09 | FDs: N/A | IOWait: 0.00% | Copied: 0
0 (from log)
[2025-12-20 08:46:00] #48 | Script: restsdk | NFS: OK | Mem: 40.5% (4642MB/11454MB) | Load: 1.21 1.29 1.09 | FDs: N/A | IOWait: 0.00% | Copied: 0
0 (from log)
[2025-12-20 08:46:31] #49 | Script: restsdk | NFS: OK | Mem: 40.5% (4639MB/11454MB) | Load: 1.25 1.29 1.10 | FDs: N/A | IOWait: 0.17% | Copied: 0
0 (from log)
[2025-12-20 08:47:02] #50 | Script: restsdk | NFS: OK | Mem: 40.6% (4647MB/11454MB) | Load: 1.23 1.28 1.10 | FDs: N/A | IOWait: 0.00% | Copied: 0
0 (from log)
[2025-12-20 08:47:34] #51 | Script: restsdk | NFS: OK | Mem: 40.6% (4656MB/11454MB) | Load: 1.35 1.30 1.11 | FDs: N/A | IOWait: 0.00% | Copied: 0
0 (from log)
[2025-12-20 08:48:05] #52 | Script: restsdk | NFS: OK | Mem: 40.6% (4646MB/11454MB) | Load: 1.38 1.31 1.12 | FDs: N/A | IOWait: 0.00% | Copied: 0
0 (from log)
[2025-12-20 08:48:36] #53 | Script: restsdk | NFS: OK | Mem: 40.5% (4644MB/11454MB) | Load: 1.55 1.36 1.14 | FDs: N/A | IOWait: 0.17% | Copied: 0
0 (from log)
[2025-12-20 08:49:07] #54 | Script: restsdk | NFS: OK | Mem: 40.6% (4653MB/11454MB) | Load: 1.59 1.39 1.16 | FDs: N/A | IOWait: 0.17% | Copied: 0
0 (from log)
[2025-12-20 08:49:38] #55 | Script: restsdk | NFS: OK | Mem: 40.5% (4637MB/11454MB) | Load: 1.89 1.48 1.20 | FDs: N/A | IOWait: 0.00% | Copied: 0
0 (from log)
[2025-12-20 08:50:10] #56 | Script: restsdk | NFS: OK | Mem: 40.6% (4646MB/11454MB) | Load: 1.71 1.49 1.21 | FDs: N/A | IOWait: 0.00% | Copied: 0
0 (from log)
[2025-12-20 08:50:41] #57 | Script: restsdk | NFS: OK | Mem: 40.5% (4637MB/11454MB) | Load: 1.43 1.44 1.20 | FDs: N/A | IOWait: 0.17% | Copied: 0
0 (from log)
[2025-12-20 08:51:12] #58 | Script: restsdk | NFS: OK | Mem: 40.5% (4634MB/11454MB) | Load: 1.32 1.41 1.20 | FDs: N/A | IOWait: 0.00% | Copied: 0
0 (from log)
[2025-12-20 08:51:43] #59 | Script: restsdk | NFS: OK | Mem: 40.5% (4634MB/11454MB) | Load: 1.47 1.44 1.22 | FDs: N/A | IOWait: 0.00% | Copied: 0
0 (from log)
[2025-12-20 08:52:14] #60 | Script: restsdk | NFS: OK | Mem: 32.0% (3663MB/11454MB) | Load: 1.57 1.46 1.23 | FDs: N/A | IOWait: 2.04% | Copied: 0
0 (from log)
[2025-12-20 08:52:45] #61 | Script: restsdk | NFS: OK | Mem: 34.6% (3959MB/11454MB) | Load: 1.42 1.44 1.23 | FDs: N/A | IOWait: 15.23% | Copied: 0
0 (from log)
[2025-12-20 08:53:17] #62 | Script: restsdk | NFS: OK | Mem: 42.4% (4858MB/11454MB) | Load: 1.41 1.43 1.23 | FDs: N/A | IOWait: 2.73% | Copied: 2 (from log)
[2025-12-20 08:53:48] #63 | Script: restsdk | NFS: OK | Mem: 51.5% (5904MB/11454MB) | Load: 1.91 1.55 1.28 | FDs: N/A | IOWait: 17.63% | Copied: 209 (from log)
[2025-12-20 08:54:19] #64 | Script: restsdk | NFS: OK | Mem: 51.6% (5910MB/11454MB) | Load: 2.13 1.64 1.32 | FDs: N/A | IOWait: 25.30% | Copied: 491 (from log)
[2025-12-20 08:54:50] #65 | Script: restsdk | NFS: OK | Mem: 52.2% (5984MB/11454MB) | Load: 2.27 1.73 1.36 | FDs: N/A | IOWait: 24.10% | Copied: 826 (from log)
[2025-12-20 08:55:21] #66 | Script: restsdk | NFS: OK | Mem: 53.9% (6175MB/11454MB) | Load: 2.66 1.87 1.42 | FDs: N/A | IOWait: 26.06% | Copied: 1177 (from log)
[2025-12-20 08:55:52] #67 | Script: restsdk | NFS: OK | Mem: 54.1% (6195MB/11454MB) | Load: 2.65 1.95 1.46 | FDs: N/A | IOWait: 21.76% | Copied: 1548 (from log)
[2025-12-20 08:56:24] #68 | Script: restsdk | NFS: OK | Mem: 55.1% (6311MB/11454MB) | Load: 2.71 2.03 1.51 | FDs: N/A | IOWait: 0.17% | Copied: 1845 (from log)
[2025-12-20 08:56:55] #69 | Script: restsdk | NFS: OK | Mem: 55.8% (6386MB/11454MB) | Load: 2.45 2.04 1.53 | FDs: N/A | IOWait: 12.90% | Copied: 2137 (from log)
[2025-12-20 08:57:26] #70 | Script: restsdk | NFS: OK | Mem: 56.5% (6470MB/11454MB) | Load: 3.16 2.26 1.62 | FDs: N/A | IOWait: 1.69% | Copied: 2498 (from log)
[2025-12-20 08:57:57] #71 | Script: restsdk | NFS: OK | Mem: 56.9% (6519MB/11454MB) | Load: 2.93 2.30 1.66 | FDs: N/A | IOWait: 16.89% | Copied: 2782 (from log)
[2025-12-20 08:58:28] #72 | Script: restsdk | NFS: OK | Mem: 57.7% (6614MB/11454MB) | Load: 2.77 2.32 1.68 | FDs: N/A | IOWait: 21.98% | Copied: 3131 (from log)
[2025-12-20 08:59:00] #73 | Script: restsdk | NFS: OK | Mem: 58.6% (6714MB/11454MB) | Load: 2.35 2.26 1.69 | FDs: N/A | IOWait: 11.90% | Copied: 3466 (from log)
[2025-12-20 08:59:31] #74 | Script: restsdk | NFS: OK | Mem: 59.4% (6802MB/11454MB) | Load: 2.23 2.24 1.70 | FDs: N/A | IOWait: 23.76% | Copied: 3815 (from log)
[2025-12-20 09:00:02] #75 | Script: restsdk | NFS: OK | Mem: 60.3% (6903MB/11454MB) | Load: 2.20 2.23 1.72 | FDs: N/A | IOWait: 12.41% | Copied: 4108 (from log)
[2025-12-20 09:00:33] #76 | Script: restsdk | NFS: OK | Mem: 61.1% (6995MB/11454MB) | Load: 2.17 2.22 1.73 | FDs: N/A | IOWait: 19.32% | Copied: 4480 (from log)
[2025-12-20 09:01:04] #77 | Script: restsdk | NFS: OK | Mem: 62.5% (7155MB/11454MB) | Load: 2.33 2.25 1.76 | FDs: N/A | IOWait: 24.91% | Copied: 4774 (from log)
[2025-12-20 09:01:35] #78 | Script: restsdk | NFS: OK | Mem: 62.7% (7179MB/11454MB) | Load: 2.30 2.25 1.78 | FDs: N/A | IOWait: 23.17% | Copied: 5138 (from log)
[2025-12-20 09:02:07] #79 | Script: restsdk | NFS: OK | Mem: 63.4% (7260MB/11454MB) | Load: 2.42 2.29 1.81 | FDs: N/A | IOWait: 24.83% | Copied: 5425 (from log)
[2025-12-20 09:02:38] #80 | Script: restsdk | NFS: OK | Mem: 64.0% (7332MB/11454MB) | Load: 2.79 2.39 1.86 | FDs: N/A | IOWait: 25.21% | Copied: 5637 (from log)
[2025-12-20 09:03:09] #81 | Script: restsdk | NFS: OK | Mem: 65.0% (7441MB/11454MB) | Load: 2.83 2.43 1.89 | FDs: N/A | IOWait: 23.63% | Copied: 5928 (from log)
[2025-12-20 09:03:40] #82 | Script: restsdk | NFS: OK | Mem: 65.4% (7489MB/11454MB) | Load: 2.60 2.42 1.91 | FDs: N/A | IOWait: 22.43% | Copied: 6211 (from log)
[2025-12-20 09:04:11] #83 | Script: restsdk | NFS: OK | Mem: 66.0% (7562MB/11454MB) | Load: 2.63 2.44 1.93 | FDs: N/A | IOWait: 21.54% | Copied: 6498 (from log)
[2025-12-20 09:04:42] #84 | Script: restsdk | NFS: OK | Mem: 66.8% (7652MB/11454MB) | Load: 2.82 2.51 1.97 | FDs: N/A | IOWait: 22.60% | Copied: 6784 (from log)
[2025-12-20 09:05:14] #85 | Script: restsdk | NFS: OK | Mem: 67.4% (7721MB/11454MB) | Load: 2.63 2.49 1.99 | FDs: N/A | IOWait: 25.68% | Copied: 7020 (from log)
[2025-12-20 09:05:45] #86 | Script: restsdk | NFS: OK | Mem: 67.6% (7743MB/11454MB) | Load: 2.40 2.45 2.00 | FDs: N/A | IOWait: 24.96% | Copied: 7253 (from log)
[2025-12-20 09:06:16] #87 | Script: restsdk | NFS: OK | Mem: 68.4% (7830MB/11454MB) | Load: 2.42 2.46 2.01 | FDs: N/A | IOWait: 23.30% | Copied: 7560 (from log)
[2025-12-20 09:06:47] #88 | Script: restsdk | NFS: OK | Mem: 68.9% (7892MB/11454MB) | Load: 2.20 2.40 2.00 | FDs: N/A | IOWait: 19.42% | Copied: 7784 (from log)
[2025-12-20 09:07:18] #89 | Script: restsdk | NFS: OK | Mem: 69.4% (7953MB/11454MB) | Load: 2.27 2.39 2.01 | FDs: N/A | IOWait: 25.30% | Copied: 8087 (from log)
[2025-12-20 09:07:49] #90 | Script: restsdk | NFS: OK | Mem: 70.8% (8104MB/11454MB) | Load: 2.16 2.35 2.01 | FDs: N/A | IOWait: 16.27% | Copied: 8315 (from log)
[2025-12-20 09:08:21] #91 | Script: restsdk | NFS: OK | Mem: 70.8% (8115MB/11454MB) | Load: 2.11 2.33 2.01 | FDs: N/A | IOWait: 26.20% | Copied: 8610 (from log)
[2025-12-20 09:08:52] #92 | Script: restsdk | NFS: OK | Mem: 71.4% (8178MB/11454MB) | Load: 2.07 2.29 2.01 | FDs: N/A | IOWait: 24.40% | Copied: 8824 (from log)
[2025-12-20 09:09:23] #93 | Script: restsdk | NFS: OK | Mem: 72.0% (8250MB/11454MB) | Load: 2.44 2.36 2.04 | FDs: N/A | IOWait: 22.39% | Copied: 9036 (from log)
[2025-12-20 09:09:54] #94 | Script: restsdk | NFS: OK | Mem: 72.7% (8322MB/11454MB) | Load: 2.59 2.41 2.07 | FDs: N/A | IOWait: 20.65% | Copied: 9312 (from log)
[2025-12-20 09:10:25] #95 | Script: restsdk | NFS: OK | Mem: 73.1% (8377MB/11454MB) | Load: 2.52 2.41 2.08 | FDs: N/A | IOWait: 24.23% | Copied: 9526 (from log)
[2025-12-20 09:10:57] #96 | Script: restsdk | NFS: OK | Mem: 73.6% (8435MB/11454MB) | Load: 2.51 2.42 2.09 | FDs: N/A | IOWait: 23.30% | Copied: 9815 (from log)
[2025-12-20 09:11:28] #97 | Script: restsdk | NFS: OK | Mem: 74.3% (8505MB/11454MB) | Load: 2.41 2.39 2.10 | FDs: N/A | IOWait: 20.41% | Copied: 10050 (from log)
[2025-12-20 09:11:59] #98 | Script: restsdk | NFS: OK | Mem: 74.8% (8571MB/11454MB) | Load: 2.56 2.42 2.11 | FDs: N/A | IOWait: 23.88% | Copied: 10284 (from log)
[2025-12-20 09:12:30] #99 | Script: restsdk | NFS: OK | Mem: 75.6% (8659MB/11454MB) | Load: 2.47 2.42 2.12 | FDs: N/A | IOWait: 19.28% | Copied: 10517 (from log)
[2025-12-20 09:13:01] #100 | Script: restsdk | NFS: OK | Mem: 76.1% (8718MB/11454MB) | Load: 2.58 2.44 2.14 | FDs: N/A | IOWait: 21.98% | Copied: 10745 (from log)
[2025-12-20 09:13:32] #101 | Script: restsdk | NFS: OK | Mem: 76.8% (8791MB/11454MB) | Load: 2.41 2.42 2.14 | FDs: N/A | IOWait: 22.18% | Copied: 11041 (from log)
[2025-12-20 09:14:04] #102 | Script: restsdk | NFS: OK | Mem: 77.4% (8864MB/11454MB) | Load: 2.66 2.49 2.17 | FDs: N/A | IOWait: 17.04% | Copied: 11263 (from log)
[2025-12-20 09:14:35] #103 | Script: restsdk | NFS: OK | Mem: 78.0% (8932MB/11454MB) | Load: 2.55 2.48 2.18 | FDs: N/A | IOWait: 24.36% | Copied: 11549 (from log)
[2025-12-20 09:15:06] #104 | Script: restsdk | NFS: OK | Mem: 78.8% (9026MB/11454MB) | Load: 2.60 2.50 2.20 | FDs: N/A | IOWait: 24.23% | Copied: 11763 (from log)
[2025-12-20 09:15:37] #105 | Script: restsdk | NFS: OK | Mem: 79.3% (9080MB/11454MB) | Load: 2.44 2.46 2.20 | FDs: N/A | IOWait: 17.75% | Copied: 12038 (from log)
[2025-12-20 09:16:08] #106 | Script: restsdk | NFS: OK | Mem: 79.8% (9143MB/11454MB) | Load: 2.21 2.40 2.18 | FDs: N/A | IOWait: 15.73% | Copied: 12316 (from log)
[2025-12-20 09:16:40] #107 | Script: restsdk | NFS: OK | Mem: 80.2% (9184MB/11454MB) | Load: 2.38 2.43 2.20 | FDs: N/A | IOWait: 22.64% | Copied: 12534 (from log)
[2025-12-20 09:17:11] #108 | Script: restsdk | NFS: OK | Mem: 80.8% (9253MB/11454MB) | Load: 2.47 2.45 2.21 | FDs: N/A | IOWait: 30.49% | Copied: 12840 (from log)
[2025-12-20 09:17:42] #109 | Script: restsdk | NFS: OK | Mem: 81.5% (9337MB/11454MB) | Load: 2.89 2.55 2.25 | FDs: N/A | IOWait: 22.74% | Copied: 13073 (from log)
[2025-12-20 09:18:13] #110 | Script: restsdk | NFS: OK | Mem: 82.0% (9389MB/11454MB) | Load: 2.77 2.54 2.26 | FDs: N/A | IOWait: 0.17% | Copied: 13304 (from log)
[2025-12-20 09:18:44] #111 | Script: restsdk | NFS: OK | Mem: 82.7% (9477MB/11454MB) | Load: 2.46 2.49 2.25 | FDs: N/A | IOWait: 22.74% | Copied: 13597 (from log)
[2025-12-20 09:19:16] #112 | Script: restsdk | NFS: OK | Mem: 83.3% (9542MB/11454MB) | Load: 2.41 2.47 2.25 | FDs: N/A | IOWait: 24.27% | Copied: 13884 (from log)
[2025-12-20 09:19:47] #113 | Script: restsdk | NFS: OK | Mem: 84.1% (9630MB/11454MB) | Load: 2.37 2.46 2.26 | FDs: N/A | IOWait: 16.35% | Copied: 14161 (from log)
[2025-12-20 09:20:18] #114 | Script: restsdk | NFS: OK | Mem: 84.9% (9721MB/11454MB) | Load: 2.69 2.52 2.29 | FDs: N/A | IOWait: 8.50% | Copied: 14432 (from log)
[2025-12-20 09:20:49] #115 | Script: restsdk | NFS: OK | Mem: 85.7% (9820MB/11454MB) | Load: 2.54 2.51 2.29 | FDs: N/A | IOWait: 21.84% | Copied: 14757 (from log)
[2025-12-20 09:21:20] #116 | Script: restsdk | NFS: OK | Mem: 86.5% (9902MB/11454MB) | Load: 2.37 2.46 2.28 | FDs: N/A | IOWait: 21.88% | Copied: 15103 (from log)
[2025-12-20 09:21:51] #117 | Script: restsdk | NFS: OK | Mem: 87.3% (10003MB/11454MB) | Load: 2.40 2.47 2.28 | FDs: N/A | IOWait: 17.12% | Copied: 15403 (from log)
[2025-12-20 09:22:23] #118 | Script: restsdk | NFS: OK | Mem: 88.1% (10096MB/11454MB) | Load: 2.37 2.45 2.28 | FDs: N/A | IOWait: 19.76% | Copied: 15701 (from log)
[2025-12-20 09:22:54] #119 | Script: restsdk | NFS: OK | Mem: 88.9% (10183MB/11454MB) | Load: 2.73 2.54 2.32 | FDs: N/A | IOWait: 20.07% | Copied: 15993 (from log)
[2025-12-20 09:23:25] #120 | Script: restsdk | NFS: OK | Mem: 89.8% (10283MB/11454MB) | Load: 2.57 2.51 2.32 | FDs: N/A | IOWait: 18.26% | Copied: 16281 (from log)
[2025-12-20 09:23:56] #121 | Script: restsdk | NFS: OK | Mem: 90.4% (10358MB/11454MB) | Load: 2.55 2.51 2.32 | FDs: N/A | IOWait: 22.35% | Copied: 16623 (from log)
[2025-12-20 09:24:27] #122 | Script: restsdk | NFS: OK | Mem: 91.1% (10429MB/11454MB) | Load: 2.39 2.48 2.32 | FDs: N/A | IOWait: 12.78% | Copied: 16956 (from log)
  ⚠️  ALERT: Memory usage critical: 91%!
[2025-12-20 09:24:59] #123 | Script: restsdk | NFS: OK | Mem: 92.1% (10551MB/11454MB) | Load: 2.37 2.46 2.32 | FDs: N/A | IOWait: 19.42% | Copied: 17225 (from log)
  ⚠️  ALERT: Memory usage critical: 92%!
[2025-12-20 09:25:30] #124 | Script: restsdk | NFS: OK | Mem: 91.9% (10528MB/11454MB) | Load: 2.44 2.47 2.32 | FDs: N/A | IOWait: 21.73% | Copied: 17504 (from log)
  ⚠️  ALERT: Memory usage critical: 92%!
[2025-12-20 09:26:01] #125 | Script: restsdk | NFS: OK | Mem: 91.4% (10464MB/11454MB) | Load: 2.56 2.49 2.34 | FDs: N/A | IOWait: 11.75% | Copied: 17804 (from log)
  ⚠️  ALERT: Memory usage critical: 91%!
[2025-12-20 09:26:32] #126 | Script: restsdk | NFS: OK | Mem: 90.5% (10371MB/11454MB) | Load: 2.42 2.46 2.33 | FDs: N/A | IOWait: 18.74% | Copied: 18103 (from log)
  ⚠️  ALERT: Memory usage critical: 91%!
[2025-12-20 09:27:03] #127 | Script: restsdk | NFS: OK | Mem: 90.5% (10369MB/11454MB) | Load: 2.49 2.48 2.34 | FDs: N/A | IOWait: 16.15% | Copied: 18391 (from log)
  ⚠️  ALERT: Memory usage critical: 91%!
[2025-12-20 09:27:35] #128 | Script: restsdk | NFS: OK | Mem: 91.2% (10445MB/11454MB) | Load: 2.96 2.60 2.39 | FDs: N/A | IOWait: 21.71% | Copied: 18670 (from log)
  ⚠️  ALERT: Memory usage critical: 91%!
[2025-12-20 09:28:06] #129 | Script: restsdk | NFS: OK | Mem: 92.0% (10538MB/11454MB) | Load: 2.61 2.55 2.37 | FDs: N/A | IOWait: 19.11% | Copied: 19013 (from log)
  ⚠️  ALERT: Memory usage critical: 92%!
[2025-12-20 09:28:37] #130 | Script: restsdk | NFS: OK | Mem: 92.6% (10611MB/11454MB) | Load: 2.29 2.48 2.36 | FDs: N/A | IOWait: 22.09% | Copied: 19278 (from log)
  ⚠️  ALERT: Memory usage critical: 93%!
[2025-12-20 09:29:08] #131 | Script: restsdk | NFS: OK | Mem: 93.5% (10706MB/11454MB) | Load: 2.12 2.41 2.34 | FDs: N/A | IOWait: 17.15% | Copied: 19614 (from log)
  ⚠️  ALERT: Memory usage critical: 93%!
[2025-12-20 09:29:39] #132 | Script: restsdk | NFS: OK | Mem: 94.2% (10786MB/11454MB) | Load: 2.17 2.39 2.33 | FDs: N/A | IOWait: 19.25% | Copied: 19899 (from log)
  ⚠️  ALERT: Memory usage critical: 94%!
[2025-12-20 09:30:11] #133 | Script: restsdk | NFS: OK | Mem: 94.9% (10875MB/11454MB) | Load: 2.13 2.35 2.32 | FDs: N/A | IOWait: 9.88% | Copied: 20199 (from log)
  ⚠️  ALERT: Memory usage critical: 95%!
[2025-12-20 09:30:42] #134 | Script: restsdk | NFS: OK | Mem: 94.8% (10864MB/11454MB) | Load: 2.07 2.31 2.31 | FDs: N/A | IOWait: 21.29% | Copied: 20496 (from log)
  ⚠️  ALERT: Memory usage critical: 95%!
[2025-12-20 09:31:13] #135 | Script: restsdk | NFS: OK | Mem: 95.5% (10944MB/11454MB) | Load: 2.34 2.35 2.32 | FDs: N/A | IOWait: 15.99% | Copied: 20782 (from log)
  ⚠️  ALERT: Memory usage critical: 96%!
[2025-12-20 09:31:44] #136 | Script: restsdk | NFS: OK | Mem: 96.1% (11011MB/11454MB) | Load: 2.07 2.28 2.30 | FDs: N/A | IOWait: 19.97% | Copied: 21064 (from log)
  ⚠️  ALERT: Memory usage critical: 96%!
[2025-12-20 09:32:15] #137 | Script: restsdk | NFS: OK | Mem: 96.7% (11079MB/11454MB) | Load: 2.24 2.30 2.30 | FDs: N/A | IOWait: 17.83% | Copied: 21334 (from log)
  ⚠️  ALERT: Memory usage critical: 97%!
[2025-12-20 09:32:47] #138 | Script: restsdk | NFS: OK | Mem: 97.0% (11116MB/11454MB) | Load: 2.26 2.30 2.30 | FDs: N/A | IOWait: 25.85% | Copied: 21601 (from log)
  ⚠️  ALERT: Memory usage critical: 97%!
[2025-12-20 09:33:18] #139 | Script: restsdk | NFS: OK | Mem: 97.4% (11161MB/11454MB) | Load: 5.04 3.00 2.54 | FDs: N/A | IOWait: 40.65% | Copied: 21731 (from log)
  ⚠️  ALERT: Memory usage critical: 98%!
[2025-12-20 09:33:50] #140 | Script: restsdk | NFS: OK | Mem: 97.4% (11157MB/11454MB) | Load: 9.83 4.37 3.01 | FDs: N/A | IOWait: 75.77% | Copied: 21797 (from log)
  ⚠️  ALERT: Memory usage critical: 98%!
[2025-12-20 09:34:39] #141 | Script: restsdk | NFS: OK | Mem: 98.1% (11242MB/11454MB) | Load: 11.82 5.83 3.58 | FDs: N/A | IOWait: 67.52% | Copied: 21935 (from log)
  ⚠️  ALERT: Memory usage critical: 98%!
[2025-12-20 09:35:21] #142 | Script: restsdk | NFS: OK | Mem: 98.3% (11256MB/11454MB) | Load: 13.59 7.05 4.09 | FDs: N/A | IOWait: 69.82% | Copied: 22006 (from log)
  ⚠️  ALERT: Memory usage critical: 98%!
[2025-12-20 09:36:05] #143 | Script: restsdk | NFS: OK | Mem: 98.3% (11261MB/11454MB) | Load: 15.54 8.53 4.75 | FDs: N/A | IOWait: 69.89% | Copied: 22006 (from log)
  ⚠️  ALERT: Memory usage critical: 98%!
[2025-12-20 09:37:03] #144 | Script: restsdk | NFS: OK | Mem: 98.2% (11253MB/11454MB) | Load: 16.57 10.02 5.48 | FDs: N/A | IOWait: 73.19% | Copied: 22075 (from log)
  ⚠️  ALERT: Memory usage critical: 98%!
[2025-12-20 09:38:01] #145 | Script: restsdk | NFS: OK | Mem: 98.3% (11257MB/11454MB) | Load: 17.98 11.55 6.27 | FDs: N/A | IOWait: 66.25% | Copied: 22075 (from log)
  ⚠️  ALERT: Memory usage critical: 98%!
[2025-12-20 09:39:00] #146 | Script: restsdk | NFS: OK | Mem: 98.3% (11262MB/11454MB) | Load: 19.92 13.27 7.21 | FDs: N/A | IOWait: 72.16% | Copied: 22075 (from log)
  ⚠️  ALERT: Memory usage critical: 98%!
[2025-12-20 09:40:12] #147 | Script: restsdk | NFS: OK | Mem: 98.4% (11268MB/11454MB) | Load: 20.54 14.80 8.19 | FDs: N/A | IOWait: 79.56% | Copied: 22075 (from log)
  ⚠️  ALERT: Memory usage critical: 98%!
[2025-12-20 09:41:11] #148 | Script: restsdk | NFS: OK | Mem: 98.4% (11268MB/11454MB) | Load: 21.97 16.16 9.06 | FDs: N/A | IOWait: 75.66% | Copied: 22075 (from log)
  ⚠️  ALERT: Memory usage critical: 98%!
[2025-12-20 09:42:26] #149 | Script: restsdk | NFS: OK | Mem: 98.3% (11254MB/11454MB) | Load: 22.55 17.61 10.12 | FDs: N/A | IOWait: 74.42% | Copied: 22075 (from log)
  ⚠️  ALERT: Memory usage critical: 98%!
[2025-12-20 09:43:36] #150 | Script: restsdk | NFS: OK | Mem: 98.3% (11264MB/11454MB) | Load: 21.36 18.35 10.90 | FDs: N/A | IOWait: 73.99% | Copied: 22075 (from log)
  ⚠️  ALERT: Memory usage critical: 98%!
[2025-12-20 09:44:28] #151 | Script: restsdk | NFS: OK | Mem: 98.4% (11266MB/11454MB) | Load: 18.54 18.04 11.18 | FDs: N/A | IOWait: 71.61% | Copied: 22075 (from log)
  ⚠️  ALERT: Memory usage critical: 98%!
[2025-12-20 09:45:14] #152 | Script: restsdk | NFS: OK | Mem: 98.4% (11267MB/11454MB) | Load: 18.19 17.91 11.53 | FDs: N/A | IOWait: 72.89% | Copied: 22075 (from log)
  ⚠️  ALERT: Memory usage critical: 98%!
[2025-12-20 09:46:20] #153 | Script: restsdk | NFS: OK | Mem: 98.3% (11260MB/11454MB) | Load: 18.72 18.14 12.01 | FDs: N/A | IOWait: 74.77% | Copied: 22075 (from log)
  ⚠️  ALERT: Memory usage critical: 98%!
[2025-12-20 09:47:18] #154 | Script: restsdk | NFS: OK | Mem: 98.3% (11263MB/11454MB) | Load: 20.03 18.51 12.55 | FDs: N/A | IOWait: 74.30% | Copied: 22149 (from log)
  ⚠️  ALERT: Memory usage critical: 98%!
[2025-12-20 09:48:39] #155 | Script: restsdk | NFS: OK | Mem: 98.3% (11261MB/11454MB) | Load: 21.89 19.47 13.35 | FDs: N/A | IOWait: 73.17% | Copied: 22149 (from log)
  ⚠️  ALERT: Memory usage critical: 98%!
[2025-12-20 09:49:59] #156 | Script: restsdk | NFS: OK | Mem: 98.3% (11261MB/11454MB) | Load: 23.13 20.44 14.20 | FDs: N/A | IOWait: 76.31% | Copied: 22149 (from log)
  ⚠️  ALERT: Memory usage critical: 98%!
[2025-12-20 09:51:07] #157 | Script: restsdk | NFS: OK | Mem: 98.3% (11261MB/11454MB) | Load: 20.15 20.25 14.57 | FDs: N/A | IOWait: 68.25% | Copied: 22149 (from log)
  ⚠️  ALERT: Memory usage critical: 98%!
[2025-12-20 09:51:48] #158 | Script: restsdk | NFS: OK | Mem: 98.3% (11257MB/11454MB) | Load: 19.01 19.87 14.71 | FDs: N/A | IOWait: 71.52% | Copied: 22149 (from log)
  ⚠️  ALERT: Memory usage critical: 98%!
[2025-12-20 09:53:17] #159 | Script: restsdk | NFS: OK | Mem: 98.3% (11256MB/11454MB) | Load: 24.13 21.48 15.76 | FDs: N/A | IOWait: 73.81% | Copied: 22149 (from log)
  ⚠️  ALERT: Memory usage critical: 98%!
[2025-12-20 09:54:19] #160 | Script: restsdk | NFS: OK | Mem: 98.3% (11264MB/11454MB) | Load: 23.49 21.75 16.21 | FDs: N/A | IOWait: 75.04% | Copied: 22149 (from log)
  ⚠️  ALERT: Memory usage critical: 98%!
[2025-12-20 09:55:15] #161 | Script: restsdk | NFS: OK | Mem: 98.3% (11261MB/11454MB) | Load: 22.68 21.76 16.56 | FDs: N/A | IOWait: 76.74% | Copied: 22149 (from log)
  ⚠️  ALERT: Memory usage critical: 98%!
[2025-12-20 09:56:28] #162 | Script: restsdk | NFS: OK | Mem: 98.3% (11265MB/11454MB) | Load: 23.25 22.10 17.08 | FDs: N/A | IOWait: 78.81% | Copied: 22149 (from log)
  ⚠️  ALERT: Memory usage critical: 98%!
[2025-12-20 09:58:09] #163 | Script: restsdk | NFS: OK | Mem: 98.3% (11257MB/11454MB) | Load: 27.01 23.93 18.27 | FDs: N/A | IOWait: 79.15% | Copied: 22149 (from log)
  ⚠️  ALERT: Memory usage critical: 98%!
[2025-12-20 09:59:53] #164 | Script: restsdk | NFS: OK | Mem: 98.3% (11262MB/11454MB) | Load: 27.69 25.38 19.42 | FDs: N/A | IOWait: 77.10% | Copied: 22224 (from log)
  ⚠️  ALERT: Memory usage critical: 98%!
[2025-12-20 10:01:23] #165 | Script: restsdk | NFS: OK | Mem: 98.3% (11265MB/11454MB) | Load: 27.53 25.95 20.15 | FDs: N/A | IOWait: 75.77% | Copied: 22224 (from log)
  ⚠️  ALERT: Memory usage critical: 98%!
[2025-12-20 10:02:46] #166 | Script: restsdk | NFS: OK | Mem: 98.3% (11265MB/11454MB) | Load: 24.48 25.51 20.52 | FDs: N/A | IOWait: 74.85% | Copied: 22224 (from log)
  ⚠️  ALERT: Memory usage critical: 98%!
[2025-12-20 10:03:58] #167 | Script: restsdk | NFS: OK | Mem: 98.3% (11265MB/11454MB) | Load: 22.81 24.90 20.67 | FDs: N/A | IOWait: 75.00% | Copied: 22224 (from log)
  ⚠️  ALERT: Memory usage critical: 98%!
[2025-12-20 10:05:13] #168 | Script: restsdk | NFS: OK | Mem: 98.3% (11257MB/11454MB) | Load: 25.12 25.00 21.03 | FDs: N/A | IOWait: 74.96% | Copied: 22224 (from log)
  ⚠️  ALERT: Memory usage critical: 98%!
[2025-12-20 10:06:25] #169 | Script: restsdk | NFS: OK | Mem: 98.3% (11264MB/11454MB) | Load: 26.28 25.33 21.45 | FDs: N/A | IOWait: 75.38% | Copied: 22224 (from log)
  ⚠️  ALERT: Memory usage critical: 98%!
[2025-12-20 10:07:58] #170 | Script: restsdk | NFS: OK | Mem: 98.3% (11263MB/11454MB) | Load: 29.21 26.55 22.27 | FDs: N/A | IOWait: 75.35% | Copied: 22224 (from log)
  ⚠️  ALERT: Memory usage critical: 98%!
[2025-12-20 10:09:53] #171 | Script: restsdk | NFS: OK | Mem: 98.3% (11257MB/11454MB) | Load: 32.15 28.63 23.53 | FDs: N/A | IOWait: 78.06% | Copied: 22224 (from log)
  ⚠️  ALERT: Memory usage critical: 98%!
[2025-12-20 10:11:34] #172 | Script: restsdk | NFS: OK | Mem: 98.3% (11262MB/11454MB) | Load: 32.34 29.74 24.46 | FDs: N/A | IOWait: 79.37% | Copied: 22224 (from log)
  ⚠️  ALERT: Memory usage critical: 98%!
[2025-12-20 10:31:13] #173 | Script: restsdk | NFS: OK | Mem: 98.3% (11257MB/11454MB) | Load: 108.38 126.67 114.70 | FDs: N/A | IOWait: 74.13% | Copied: 22224 (from log)
  ⚠️  ALERT: Memory usage critical: 98%!
[2025-12-20 10:48:24] #174 | Script: restsdk | NFS: OK | Mem: 98.4% (11267MB/11454MB) | Load: 53.52 88.25 101.71 | FDs: N/A | IOWait: 77.48% | Copied: 22224 (from log)
  ⚠️  ALERT: Memory usage critical: 98%!
[2025-12-20 10:52:31] #175 | Script: restsdk | NFS: OK | Mem: 98.3% (11264MB/11454MB) | Load: 54.21 69.56 90.78 | FDs: N/A | IOWait: 61.33% | Copied: 22224 (from log)
  ⚠️  ALERT: Memory usage critical: 98%!
[2025-12-20 10:56:33] #176 | Script: restsdk | NFS: OK | Mem: 98.4% (11266MB/11454MB) | Load: 52.85 60.32 82.10 | FDs: N/A | IOWait: 71.14% | Copied: 22224 (from log)
  ⚠️  ALERT: Memory usage critical: 98%!
